"temper-max-rfile"
"Time Step" "temper-max etc.."
("Time Step" "temper-max(air)" "temper-max(blade)" "temper-max(electrodecentral)" "temper-max(electrodelowerback)" "temper-max(electrodelowervorn)" "temper-max(electrodeupperback)" "temper-max(electrodeuppervorn)" "flow-time")
0 300 300 300 300 300 300 300 0
1 300.0002 300.013 300.2869 300.0001 300.0001 300.2872 300.2867 0.5
2 300.0002 300.038 300.5704 300.0001 300.0001 300.5712 300.57 1
3 300.0002 300.0738 300.8504 300.0001 300.0002 300.852 300.8497 1.5
4 300.0002 300.1198 301.1271 300.0001 300.0002 301.1296 301.1259 2
5 300.0002 300.1749 301.4004 300.0001 300.0002 301.4041 301.3988 2.5
6 300.0002 300.2384 301.6705 300.0001 300.0002 301.6756 301.6683 3
7 300.0002 300.3097 301.9376 300.0001 300.0002 301.9442 301.9347 3.5
8 300.0003 300.3881 302.2016 300.0001 300.0002 302.2097 302.1979 4
9 300.0002 300.473 302.4626 300.0001 300.0002 302.4725 302.4581 4.5
10 300.0002 300.5638 302.7208 300.0001 300.0002 302.7325 302.7153 5
11 300.0002 300.6602 302.9762 300.0001 300.0002 302.9898 302.9697 5.5
12 300.0002 300.7615 303.2289 300.0001 300.0002 303.2446 303.2214 6
13 300.0002 300.8675 303.479 300.0001 300.0002 303.4967 303.4703 6.5
14 300.0002 300.9776 303.7266 300.0001 300.0002 303.7464 303.7166 7
15 300.0002 301.0916 303.9716 300.0001 300.0002 303.9937 303.9604 7.5
16 300.0002 301.2091 304.2144 300.0001 300.0002 304.2386 304.2018 8
17 300.0002 301.3299 304.4548 300.0001 300.0002 304.4813 304.4409 8.5
18 300.0002 301.4537 304.6929 300.0001 300.0002 304.7217 304.6776 9
19 300.0002 301.5801 304.9288 300.0001 300.0002 304.96 304.9121 9.5
20 300.0002 301.709 305.1627 300.0001 300.0002 305.1961 305.1445 10
21 300.0002 301.8401 305.3944 300.0001 300.0002 305.4302 305.3748 10.5
22 300.0002 301.9732 305.6241 300.0001 300.0002 305.6623 305.603 11
23 300.0003 302.1082 305.8518 300.0001 300.0002 305.8924 305.8292 11.5
24 300.0002 302.2449 306.0776 300.0001 300.0002 306.1206 306.0535 12
25 300.0003 302.3831 306.3015 300.0001 300.0002 306.3469 306.276 12.5
26 300.0002 302.5228 306.5237 300.0001 300.0002 306.5714 306.4966 13
27 300.0002 302.6637 306.744 300.0001 300.0002 306.7941 306.7155 13.5
28 300.0003 302.8056 306.9626 300.0001 300.0002 307.0151 306.9326 14
29 300.0002 302.9486 307.1796 300.0001 300.0002 307.2344 307.1481 14.5
30 300.0003 303.0926 307.3949 300.0001 300.0002 307.452 307.3619 15
31 300.0002 303.2374 307.6086 300.0001 300.0002 307.6679 307.5742 15.5
32 300.0002 303.3828 307.8208 300.0001 300.0002 307.8823 307.7848 16
33 300.0003 303.5289 308.0313 300.0001 300.0002 308.0951 307.994 16.5
34 300.0002 303.6756 308.2404 300.0001 300.0002 308.3065 308.2017 17
35 300.0002 303.8228 308.4481 300.0001 300.0002 308.5164 308.408 17.5
36 300.0002 303.9704 308.6543 300.0001 300.0002 308.7248 308.6129 18
37 300.0002 304.1183 308.8591 300.0001 300.0002 308.9318 308.8163 18.5
38 300.0002 304.2666 309.0626 300.0001 300.0002 309.1374 309.0185 19
39 300.0002 304.4151 309.2647 300.0001 300.0002 309.3416 309.2193 19.5
40 300.0002 304.5638 309.4655 300.0001 300.0002 309.5445 309.419 20
41 300.0002 304.7128 309.6651 300.0001 300.0002 309.7461 309.6173 20.5
42 300.0002 304.8618 309.8634 300.0001 300.0002 309.9464 309.8145 21
43 300.0002 305.011 310.0605 300.0001 300.0002 310.1455 310.0104 21.5
44 300.0001 305.1602 310.2563 300.0001 300.0002 310.3433 310.2051 22
45 300.0002 305.3093 310.4511 300.0001 300.0002 310.5399 310.3987 22.5
46 300.0001 305.4584 310.6447 300.0001 300.0002 310.7354 310.5914 23
47 300.0002 305.6076 310.8372 300.0001 300.0002 310.9297 310.7829 23.5
48 300.0002 305.7567 311.0285 300.0001 300.0002 311.1229 310.9734 24
49 300.0002 305.9056 311.2188 300.0001 300.0002 311.3149 311.1629 24.5
50 300.0002 306.0545 311.408 300.0001 300.0002 311.5059 311.3513 25
51 300.0002 306.2032 311.5961 300.0001 300.0002 311.6958 311.5387 25.5
52 300.0002 306.3518 311.7832 300.0001 300.0002 311.8846 311.7251 26
53 300.0002 306.5003 311.9694 300.0001 300.0002 312.0724 311.9106 26.5
54 300.0002 306.6485 312.1545 300.0001 300.0002 312.2591 312.0951 27
55 300.0002 306.7966 312.3387 300.0001 300.0002 312.4449 312.2787 27.5
56 300.0002 306.9445 312.5219 300.0001 300.0002 312.6298 312.4613 28
57 300.0002 307.0922 312.7043 300.0001 300.0002 312.8136 312.643 28.5
58 300.0003 307.2397 312.8857 300.0001 300.0002 312.9965 312.8239 29
59 300.0002 307.3869 313.0662 300.0001 300.0002 313.1785 313.0039 29.5
60 300.0002 307.5338 313.2458 300.0001 300.0002 313.3595 313.183 30
61 300.0003 307.6805 313.4245 300.0001 300.0002 313.5396 313.3613 30.5
62 300.0002 307.8269 313.6024 300.0001 300.0002 313.7189 313.5387 31
63 300.0004 307.9731 313.7795 300.0001 300.0002 313.8973 313.7153 31.5
64 300.0004 308.119 313.9557 300.0001 300.0002 314.0749 313.8911 32
65 300.0003 308.2646 314.1312 300.0001 300.0002 314.2516 314.0662 32.5
66 300.0004 308.41 314.3058 300.0001 300.0002 314.4275 314.2404 33
67 300.0005 308.555 314.4796 300.0001 300.0002 314.6025 314.4139 33.5
68 300.0004 308.6997 314.6527 300.0001 300.0002 314.7769 314.5867 34
69 300.0005 308.8442 314.825 300.0001 300.0002 314.9503 314.7587 34.5
70 300.0006 308.9883 314.9966 300.0001 300.0002 315.123 314.9299 35
71 300.0005 309.1321 315.1674 300.0001 300.0002 315.295 315.1006 35.5
72 300.0007 309.2757 315.3375 300.0001 300.0002 315.4661 315.2704 36
73 300.0008 309.4189 315.507 300.0001 300.0002 315.6366 315.4396 36.5
74 300.0006 309.5618 315.6756 300.0001 300.0002 315.8063 315.608 37
75 300.0007 309.7044 315.8437 300.0001 300.0002 315.9752 315.7758 37.5
76 300.0008 309.8466 316.0109 300.0001 300.0002 316.1435 315.943 38
77 300.0008 309.9756 316.1775 300.2867 300.2873 316.0239 315.8228 38.5
78 300.0008 310.0923 316.3435 300.5699 300.5713 315.9067 315.7055 39
79 300.0009 310.1977 316.5088 300.8495 300.8521 315.7922 315.5912 39.5
80 300.0009 310.2928 316.6734 301.1257 301.1296 315.6801 315.4797 40
81 300.0009 310.3784 316.8374 301.3985 301.4041 315.5704 315.371 40.5
82 300.001 310.4552 317.0008 301.668 301.6753 315.4632 315.265 41
83 300.0011 310.5239 317.1635 301.9344 301.9436 315.3583 315.1617 41.5
84 300.0011 310.5853 317.3257 302.1976 302.209 315.2556 315.0609 42
85 300.0011 310.6399 317.4872 302.4578 302.4715 315.1552 314.9624 42.5
86 300.0012 310.7569 317.6481 302.7151 302.7313 315.057 314.8663 43
87 300.0013 310.895 317.8084 302.9695 302.9884 314.9607 314.7727 43.5
88 300.0013 311.0328 317.9682 303.2213 303.2428 314.8667 314.6815 44
89 300.0013 311.1704 318.1273 303.4703 303.4947 314.7747 314.5923 44.5
90 300.0015 311.3077 318.286 303.7167 303.7441 314.6846 314.5051 45
91 300.0016 311.4448 318.4441 303.9607 303.9911 314.5963 314.4198 45.5
92 300.0015 311.5815 318.6016 304.2022 304.2357 314.5098 314.3363 46
93 300.0017 311.718 318.7585 304.4414 304.4781 314.4249 314.2547 46.5
94 300.0017 311.8542 318.915 304.6782 304.7181 314.3417 314.1748 47
95 300.0018 311.9901 319.0709 304.9129 304.9561 314.2601 314.0965 47.5
96 300.002 312.1258 319.2263 305.1454 305.1918 314.1801 314.0199 48
97 300.002 312.2612 319.3811 305.3757 305.4256 314.1015 313.9447 48.5
98 300.002 312.3963 319.5354 305.6039 305.6573 314.0244 313.8711 49
99 300.0022 312.5311 319.6892 305.8303 305.887 313.9488 313.7989 49.5
100 300.0022 312.6656 319.8425 306.0546 306.1148 313.8746 313.7281 50
101 300.0023 312.7999 319.9953 306.2772 306.3408 313.8017 313.6587 50.5
102 300.0025 312.9338 320.1476 306.4979 306.5649 313.7301 313.5905 51
103 300.0025 313.0676 320.2994 306.7169 306.7873 313.6598 313.5237 51.5
104 300.0024 313.201 320.4507 306.9341 307.0079 313.5907 313.4581 52
105 300.0026 313.3342 320.6016 307.1497 307.2268 313.5227 313.3936 52.5
106 300.0026 313.4671 320.752 307.3636 307.4441 313.456 313.3304 53
107 300.0026 313.5997 320.9019 307.5758 307.6597 313.3904 313.2681 53.5
108 300.0028 313.7321 321.0513 307.7865 307.8737 313.3259 313.207 54
109 300.0028 313.8641 321.2003 307.9957 308.0862 313.2625 313.1469 54.5
110 300.0028 313.996 321.3488 308.2034 308.2972 313.2001 313.0878 55
111 300.003 314.1275 321.4969 308.4096 308.5067 313.1388 313.0297 55.5
112 300.003 314.2588 321.6445 308.6144 308.7148 313.0784 312.9725 56
113 300.0029 314.3898 321.7917 308.8177 308.9215 313.019 312.9163 56.5
114 300.0031 314.5206 321.9384 309.0198 309.1267 312.9605 312.861 57
115 300.0033 314.651 322.0847 309.2205 309.3307 312.903 312.8065 57.5
116 300.0033 314.7812 322.2307 309.4199 309.5332 312.8463 312.7529 58
117 300.0034 314.9111 322.3761 309.6181 309.7345 312.7905 312.7001 58.5
118 300.0034 315.0408 322.5212 309.815 309.9344 312.7356 312.6481 59
