"temper_mass_integral-rfile"
"Time Step" "temper_mass_integral etc.."
("Time Step" "temper_mass_integral(air)" "temper_mass_integral(blade)" "temper_mass_integral(electrodecentral)" "temper_mass_integral(electrodelowerback)" "temper_mass_integral(electrodelowervorn)" "temper_mass_integral(electrodeupperback)" "temper_mass_integral(electrodeuppervorn)" "flow-time")
0 305.8209 63769.81 1342.5 1342.5 1342.5 1342.5 1342.5 0
1 305.8208 63769.82 1343.782 1342.5 1342.5 1343.783 1343.781 0.5
2 305.8209 63769.86 1345.047 1342.5 1342.5 1345.051 1345.044 1
3 305.8209 63769.9 1346.297 1342.5 1342.5 1346.303 1346.291 1.5
4 305.8209 63769.96 1347.531 1342.5 1342.5 1347.541 1347.522 2
5 305.8209 63770.04 1348.75 1342.5 1342.5 1348.765 1348.738 2.5
6 305.8208 63770.13 1349.955 1342.5 1342.5 1349.976 1349.939 3
7 305.8209 63770.23 1351.146 1342.5 1342.5 1351.173 1351.126 3.5
8 305.8208 63770.35 1352.323 1342.5 1342.5 1352.357 1352.298 4
9 305.8209 63770.48 1353.488 1342.5 1342.5 1353.529 1353.458 4.5
10 305.8209 63770.62 1354.639 1342.5 1342.5 1354.688 1354.604 5
11 305.8209 63770.77 1355.778 1342.5 1342.5 1355.836 1355.738 5.5
12 305.8209 63770.93 1356.906 1342.5 1342.5 1356.972 1356.859 6
13 305.8209 63771.11 1358.021 1342.5 1342.5 1358.096 1357.969 6.5
14 305.8209 63771.3 1359.126 1342.5 1342.5 1359.21 1359.067 7
15 305.8209 63771.49 1360.219 1342.5 1342.5 1360.313 1360.155 7.5
16 305.8209 63771.7 1361.302 1342.5 1342.5 1361.405 1361.231 8
17 305.8209 63771.91 1362.375 1342.5 1342.5 1362.488 1362.297 8.5
18 305.8209 63772.14 1363.437 1342.5 1342.5 1363.56 1363.353 9
19 305.8209 63772.38 1364.49 1342.5 1342.5 1364.623 1364.4 9.5
20 305.8208 63772.62 1365.533 1342.5 1342.5 1365.677 1365.437 10
21 305.8209 63772.88 1366.567 1342.5 1342.5 1366.721 1366.464 10.5
22 305.8209 63773.14 1367.592 1342.5 1342.5 1367.757 1367.483 11
23 305.8209 63773.41 1368.609 1342.5 1342.5 1368.784 1368.492 11.5
24 305.8209 63773.69 1369.616 1342.5 1342.5 1369.802 1369.494 12
25 305.8209 63773.97 1370.616 1342.5 1342.5 1370.812 1370.487 12.5
26 305.8208 63774.27 1371.607 1342.5 1342.5 1371.814 1371.472 13
27 305.8209 63774.57 1372.591 1342.5 1342.5 1372.808 1372.45 13.5
28 305.8209 63774.88 1373.566 1342.5 1342.5 1373.794 1373.419 14
29 305.8209 63775.2 1374.535 1342.5 1342.5 1374.773 1374.382 14.5
30 305.8209 63775.52 1375.496 1342.5 1342.5 1375.744 1375.337 15
31 305.8209 63775.85 1376.45 1342.5 1342.5 1376.708 1376.285 15.5
32 305.8208 63776.19 1377.397 1342.5 1342.5 1377.665 1377.226 16
33 305.8209 63776.53 1378.337 1342.5 1342.5 1378.615 1378.161 16.5
34 305.8209 63776.88 1379.27 1342.5 1342.5 1379.559 1379.089 17
35 305.8209 63777.23 1380.197 1342.5 1342.5 1380.496 1380.01 17.5
36 305.8209 63777.6 1381.118 1342.5 1342.5 1381.427 1380.926 18
37 305.8209 63777.96 1382.032 1342.5 1342.5 1382.351 1381.835 18.5
38 305.8209 63778.34 1382.941 1342.5 1342.5 1383.269 1382.738 19
39 305.8209 63778.72 1383.843 1342.5 1342.5 1384.18 1383.636 19.5
40 305.8209 63779.11 1384.74 1342.5 1342.5 1385.086 1384.528 20
41 305.8209 63779.5 1385.631 1342.5 1342.5 1385.987 1385.415 20.5
42 305.8208 63779.89 1386.516 1342.5 1342.5 1386.881 1386.296 21
43 305.8209 63780.29 1387.396 1342.5 1342.5 1387.77 1387.172 21.5
44 305.8208 63780.7 1388.271 1342.5 1342.5 1388.653 1388.042 22
45 305.8209 63781.11 1389.14 1342.5 1342.5 1389.531 1388.907 22.5
46 305.8209 63781.53 1390.005 1342.5 1342.5 1390.404 1389.768 23
47 305.8209 63781.95 1390.864 1342.5 1342.5 1391.272 1390.624 23.5
48 305.8209 63782.38 1391.719 1342.5 1342.5 1392.135 1391.474 24
49 305.8209 63782.81 1392.568 1342.5 1342.5 1392.993 1392.32 24.5
50 305.8209 63783.24 1393.413 1342.5 1342.5 1393.845 1393.162 25
51 305.8209 63783.68 1394.254 1342.5 1342.5 1394.693 1393.999 25.5
52 305.8209 63784.13 1395.089 1342.5 1342.5 1395.537 1394.832 26
53 305.8209 63784.57 1395.921 1342.5 1342.5 1396.375 1395.66 26.5
54 305.8209 63785.03 1396.747 1342.5 1342.5 1397.21 1396.484 27
55 305.8209 63785.48 1397.57 1342.5 1342.5 1398.039 1397.304 27.5
56 305.8208 63785.95 1398.388 1342.5 1342.5 1398.865 1398.12 28
57 305.8208 63786.41 1399.203 1342.5 1342.5 1399.686 1398.931 28.5
58 305.8209 63786.88 1400.013 1342.5 1342.5 1400.503 1399.739 29
59 305.8209 63787.35 1400.819 1342.5 1342.5 1401.316 1400.543 29.5
60 305.8208 63787.83 1401.621 1342.5 1342.5 1402.124 1401.343 30
61 305.8209 63788.31 1402.42 1342.5 1342.5 1402.929 1402.139 30.5
62 305.8209 63788.79 1403.214 1342.5 1342.5 1403.73 1402.932 31
63 305.8208 63789.28 1404.005 1342.5 1342.5 1404.527 1403.721 31.5
64 305.8209 63789.77 1404.792 1342.5 1342.5 1405.32 1404.506 32
65 305.8209 63790.27 1405.576 1342.5 1342.5 1406.109 1405.288 32.5
66 305.8209 63790.76 1406.356 1342.5 1342.5 1406.895 1406.066 33
67 305.8209 63791.27 1407.132 1342.5 1342.5 1407.677 1406.841 33.5
68 305.8209 63791.77 1407.905 1342.5 1342.5 1408.456 1407.613 34
69 305.8208 63792.28 1408.675 1342.5 1342.5 1409.231 1408.381 34.5
70 305.8209 63792.79 1409.441 1342.5 1342.5 1410.002 1409.146 35
71 305.8209 63793.3 1410.204 1342.5 1342.5 1410.77 1409.908 35.5
72 305.8209 63793.82 1410.964 1342.5 1342.5 1411.535 1410.667 36
73 305.8209 63794.34 1411.721 1342.5 1342.5 1412.296 1411.423 36.5
74 305.8209 63794.86 1412.474 1342.5 1342.5 1413.054 1412.175 37
75 305.8208 63795.39 1413.225 1342.5 1342.5 1413.809 1412.925 37.5
76 305.8209 63795.92 1413.972 1342.5 1342.5 1414.561 1413.672 38
77 305.8209 63796.45 1414.717 1343.781 1343.783 1414.027 1413.135 38.5
78 305.8209 63796.99 1415.458 1345.046 1345.05 1413.505 1412.612 39
79 305.8209 63797.52 1416.196 1346.293 1346.302 1412.995 1412.102 39.5
80 305.8209 63798.07 1416.932 1347.526 1347.54 1412.496 1411.606 40
81 305.8209 63798.61 1417.664 1348.743 1348.763 1412.009 1411.123 40.5
82 305.8209 63799.16 1418.394 1349.945 1349.973 1411.532 1410.651 41
83 305.8209 63799.7 1419.121 1351.133 1351.169 1411.066 1410.192 41.5
84 305.8209 63800.25 1419.845 1352.307 1352.352 1410.61 1409.743 42
85 305.8209 63800.81 1420.567 1353.467 1353.523 1410.164 1409.306 42.5
86 305.8209 63801.37 1421.286 1354.615 1354.681 1409.727 1408.878 43
87 305.8208 63801.93 1422.002 1355.75 1355.827 1409.299 1408.461 43.5
88 305.8209 63802.49 1422.716 1356.873 1356.961 1408.88 1408.053 44
89 305.8209 63803.05 1423.427 1357.984 1358.085 1408.47 1407.655 44.5
90 305.8209 63803.62 1424.136 1359.083 1359.197 1408.068 1407.265 45
91 305.8209 63804.19 1424.842 1360.172 1360.298 1407.675 1406.884 45.5
92 305.8209 63804.76 1425.546 1361.249 1361.39 1407.288 1406.511 46
93 305.8209 63805.33 1426.247 1362.316 1362.47 1406.91 1406.147 46.5
94 305.8209 63805.91 1426.946 1363.373 1363.541 1406.539 1405.79 47
95 305.8209 63806.49 1427.642 1364.42 1364.603 1406.176 1405.441 47.5
96 305.8209 63807.07 1428.336 1365.458 1365.655 1405.818 1405.099 48
97 305.8209 63807.65 1429.028 1366.486 1366.697 1405.468 1404.763 48.5
98 305.8209 63808.24 1429.717 1367.505 1367.731 1405.125 1404.435 49
99 305.8209 63808.83 1430.404 1368.515 1368.756 1404.788 1404.112 49.5
100 305.8209 63809.42 1431.089 1369.517 1369.773 1404.457 1403.797 50
101 305.8209 63810.01 1431.772 1370.51 1370.781 1404.132 1403.487 50.5
102 305.8209 63810.61 1432.452 1371.495 1371.781 1403.813 1403.183 51
103 305.8209 63811.2 1433.131 1372.472 1372.774 1403.499 1402.885 51.5
104 305.8209 63811.8 1433.807 1373.442 1373.758 1403.191 1402.592 52
105 305.8209 63812.4 1434.481 1374.404 1374.735 1402.888 1402.304 52.5
106 305.8209 63813 1435.153 1375.359 1375.705 1402.591 1402.022 53
107 305.8209 63813.61 1435.822 1376.306 1376.667 1402.298 1401.745 53.5
108 305.8209 63814.21 1436.49 1377.246 1377.623 1402.011 1401.472 54
109 305.8209 63814.82 1437.156 1378.18 1378.571 1401.728 1401.204 54.5
110 305.8209 63815.44 1437.819 1379.107 1379.513 1401.45 1400.941 55
111 305.8209 63816.05 1438.481 1380.027 1380.448 1401.177 1400.681 55.5
112 305.8209 63816.66 1439.14 1380.942 1381.377 1400.907 1400.427 56
113 305.8209 63817.28 1439.798 1381.85 1382.3 1400.643 1400.176 56.5
114 305.8209 63817.9 1440.454 1382.751 1383.216 1400.382 1399.929 57
115 305.8209 63818.52 1441.107 1383.647 1384.126 1400.126 1399.687 57.5
116 305.8209 63819.14 1441.759 1384.538 1385.031 1399.873 1399.448 58
117 305.8209 63819.77 1442.409 1385.422 1385.929 1399.624 1399.213 58.5
118 305.8209 63820.39 1443.057 1386.301 1386.822 1399.379 1398.981 59
