"temper-max-rfile"
"Time Step" "temper-max etc.."
("Time Step" "temper-max" "flow-time")
21 1704.082 21
22 1760.229 22
23 1815.699 23
24 1870.519 24
25 1924.712 25
26 1978.3 26
27 2031.306 27
28 2083.751 28
29 2135.653 29
30 2187.03 30
31 2237.902 31
32 2288.283 32
33 2338.19 33
34 2387.638 34
35 2436.64 35
36 2485.211 36
37 2533.361 37
38 2581.105 38
39 2548.056 39
40 2516.394 40
41 2486.078 41
42 2457.042 42
43 2429.215 43
44 2402.527 44
45 2376.984 45
46 2352.44 46
47 2328.837 47
48 2306.122 48
49 2284.244 49
50 2263.156 50
51 2242.813 51
52 2223.177 52
53 2204.207 53
54 2204.455 54
55 2231.405 55
56 2258.19 56
57 2284.816 57
58 2311.286 58
59 2337.601 59
60 2363.765 60
61 2389.781 61
62 2415.651 62
63 2441.379 63
64 2466.965 64
65 2492.414 65
66 2517.726 66
67 2542.906 67
68 2567.954 68
69 2592.873 69
70 2617.665 70
71 2642.331 71
72 2666.874 72
73 2691.295 73
74 2715.597 74
75 2739.782 75
76 2763.851 76
77 2787.806 77
78 2811.647 78
79 2835.377 79
80 2858.998 80
81 2882.511 81
82 2905.917 82
83 2929.218 83
84 2952.414 84
85 2975.509 85
86 2998.502 86
87 3021.394 87
88 3044.189 88
89 3066.886 89
90 3089.487 90
91 3111.992 91
92 3134.404 92
93 3156.722 93
94 3178.949 94
95 3201.086 95
96 3223.132 96
97 3245.09 97
98 3266.96 98
99 3288.744 99
100 3310.441 100
101 3310.441 101
102 3310.441 102
103 3310.441 103
104 3310.441 104
105 3332.054 105
106 3364.27 106
107 3410.942 107
108 3457.141 108
109 3502.881 109
110 3548.18 110
111 3593.053 111
112 3637.517 112
113 3681.582 113
114 3725.261 114
115 3768.568 115
116 3731.116 116
117 3695.087 117
118 3660.438 118
119 3627.104 119
120 3646.659 120
121 3667.031 121
122 3687.33 122
123 3707.558 123
124 3727.716 124
125 3747.804 125
126 3767.823 126
127 3787.775 127
128 3807.66 128
129 3827.477 129
130 3847.227 130
131 3866.911 131
132 3886.531 132
133 3906.087 133
134 3925.579 134
135 3945.006 135
136 3964.37 136
137 3983.672 137
138 4002.913 138
139 4022.092 139
140 4041.21 140
141 4060.269 141
142 4079.268 142
143 4098.206 143
144 4117.086 144
